<?xml version="1.0" encoding="UTF-8"?>
<!-- Generated by org.testng.reporters.JUnitReportReporter -->
<testsuite hostname="DESKTOP-KKPJ5RQ" failures="0" tests="1" name="com.selenium.practice.ChromeHeadless" time="11.463" errors="0" timestamp="2023-09-07T15:41:16 IST" skipped="0">
  <testcase classname="com.selenium.practice.ChromeHeadless" name="chromeHeadless" time="11.463"/>
  <system-out/>
</testsuite> <!-- com.selenium.practice.ChromeHeadless -->
