<?xml version="1.0" encoding="UTF-8"?>
<!-- Generated by org.testng.reporters.JUnitReportReporter -->
<testsuite hostname="DESKTOP-KKPJ5RQ" failures="0" tests="4" name="com.seleniumtesting.demo.Banking" time="0.083" errors="0" timestamp="2023-07-02T21:22:19 IST" skipped="0">
  <testcase classname="com.seleniumtesting.demo.Banking" name="Banking_Personal_Loan" time="0.008"/>
  <system-out/>
  <testcase classname="com.seleniumtesting.demo.Banking" name="Banking_Bike_Loan" time="0.053"/>
  <system-out/>
  <testcase classname="com.seleniumtesting.demo.Banking" name="Banking_Car_Loan" time="0.013"/>
  <system-out/>
  <testcase classname="com.seleniumtesting.demo.Banking" name="Banking_Home_Loan" time="0.009"/>
  <system-out/>
</testsuite> <!-- com.seleniumtesting.demo.Banking -->
