<?xml version="1.0" encoding="UTF-8"?>
<!-- Generated by org.testng.reporters.JUnitReportReporter -->
<testsuite hostname="DESKTOP-KKPJ5RQ" failures="0" tests="4" name="com.seleniumtesting.demo.BankingAccounts" time="0.088" errors="0" timestamp="2023-09-07T15:45:15 IST" skipped="0">
  <testcase classname="com.seleniumtesting.demo.BankingAccounts" name="SalaryAccount" time="0.069"/>
  <system-out/>
  <testcase classname="com.seleniumtesting.demo.BankingAccounts" name="CurrntAccount" time="0.012"/>
  <system-out/>
  <testcase classname="com.seleniumtesting.demo.BankingAccounts" name="SavingAccount" time="0.003"/>
  <system-out/>
  <testcase classname="com.seleniumtesting.demo.BankingAccounts" name="FD_Account" time="0.004"/>
  <system-out/>
</testsuite> <!-- com.seleniumtesting.demo.BankingAccounts -->
