<?xml version="1.0" encoding="UTF-8"?>
<!-- Generated by org.testng.reporters.JUnitReportReporter -->
<testsuite hostname="DESKTOP-KKPJ5RQ" failures="0" tests="2" name="com.seleniumtesting.demo.TestngDemo" time="17.377" errors="0" timestamp="2023-07-02T12:07:42 IST" skipped="0">
  <testcase classname="com.seleniumtesting.demo.TestngDemo" name="Calculator" time="17.371"/>
  <system-out/>
  <testcase classname="com.seleniumtesting.demo.TestngDemo" name="supplier" time="0.006"/>
  <system-out/>
</testsuite> <!-- com.seleniumtesting.demo.TestngDemo -->
