<?xml version="1.0" encoding="UTF-8"?>
<!-- Generated by org.testng.reporters.JUnitReportReporter -->
<testsuite hostname="DESKTOP-KKPJ5RQ" failures="0" tests="5" name="com.seleniumtesting.demo.Banking" time="0.098" errors="0" timestamp="2023-09-07T15:45:16 IST" skipped="0">
  <testcase classname="com.seleniumtesting.demo.Banking" name="Banking_Personal_Loan" time="0.007"/>
  <system-out/>
  <testcase classname="com.seleniumtesting.demo.Banking" name="Banking_Car_Loan" time="0.013"/>
  <system-out/>
  <testcase classname="com.seleniumtesting.demo.Banking" name="Banking_Bike_Loan" time="0.013"/>
  <system-out/>
  <testcase classname="com.seleniumtesting.demo.Banking" name="Banking_Home_Loan" time="0.010"/>
  <system-out/>
  <testcase classname="com.seleniumtesting.demo.Banking" name="SignIn" time="0.055"/>
  <system-out/>
</testsuite> <!-- com.seleniumtesting.demo.Banking -->
