<?xml version="1.0" encoding="UTF-8"?>
<!-- Generated by org.testng.reporters.JUnitReportReporter -->
<testsuite hostname="DESKTOP-KKPJ5RQ" failures="0" tests="2" name="com.seleniumtesting.demo.BankingAccounts" time="0.400" errors="0" timestamp="2023-07-02T13:28:57 IST" skipped="0">
  <testcase classname="com.seleniumtesting.demo.BankingAccounts" name="SalaryAccount" time="0.392"/>
  <system-out/>
  <testcase classname="com.seleniumtesting.demo.BankingAccounts" name="SavingAccount" time="0.008"/>
  <system-out/>
</testsuite> <!-- com.seleniumtesting.demo.BankingAccounts -->
